<?xml version="1.0" encoding="UTF-8"?>
<testsuite xmlns:xsi="http://www.w3.org/2001/XMLSchema-instance" xsi:noNamespaceSchemaLocation="https://maven.apache.org/surefire/maven-surefire-plugin/xsd/surefire-test-report-3.0.xsd" version="3.0" name="com.group33.timesheet.TimesheetApplicationTests" time="2.186" tests="7" errors="0" skipped="0" failures="0">
  <properties>
[...]
</properties>
  <testcase name="approveDraftTimesheet_shouldThrowBadRequestException" classname="com.group33.timesheet.TimesheetApplicationTests" time="0.322">
    <system-out><![CDATA[15:04:35.273 [main] INFO org.springframework.test.context.support.AnnotationConfigContextLoaderUtils -- Could not detect default configuration classes for test class [com.group33.timesheet.TimesheetApplicationTests]: TimesheetApplicationTests does not declare any static, non-private, non-final, nested classes annotated with @Configuration.
15:04:35.318 [main] INFO org.springframework.boot.test.context.SpringBootTestContextBootstrapper -- Found @SpringBootConfiguration com.group33.timesheet.TimesheetApplication for test class com.group33.timesheet.TimesheetApplicationTests

  .   ____          _            __ _ _
 /\\ / ___'_ __ _ _(_)_ __  __ _ \ \ \ \
( ( )\___ | '_ | '_| | '_ \/ _` | \ \ \ \
 \\/  ___)| |_)| | | | | || (_| |  ) ) ) )
  '  |____| .__|_| |_|_| |_\__, | / / / /
 =========|_|==============|___/=/_/_/_/

 :: Spring Boot ::                (v3.3.2)

2026-04-03T15:04:35.475+01:00  INFO 84204 --- [           main] c.g.timesheet.TimesheetApplicationTests  : Starting TimesheetApplicationTests using Java 25.0.2 with PID 84204 (started by abdimaalik in /Users/abdimaalik/Downloads/fdm-timesheet-app-group33/backend)
2026-04-03T15:04:35.476+01:00  INFO 84204 --- [           main] c.g.timesheet.TimesheetApplicationTests  : No active profile set, falling back to 1 default profile: "default"
2026-04-03T15:04:35.706+01:00  INFO 84204 --- [           main] .s.d.r.c.RepositoryConfigurationDelegate : Bootstrapping Spring Data JPA repositories in DEFAULT mode.
2026-04-03T15:04:35.731+01:00  INFO 84204 --- [           main] .s.d.r.c.RepositoryConfigurationDelegate : Finished Spring Data repository scanning in 21 ms. Found 4 JPA repository interfaces.
2026-04-03T15:04:35.891+01:00  INFO 84204 --- [           main] o.hibernate.jpa.internal.util.LogHelper  : HHH000204: Processing PersistenceUnitInfo [name: default]
2026-04-03T15:04:35.912+01:00  INFO 84204 --- [           main] org.hibernate.Version                    : HHH000412: Hibernate ORM core version 6.5.2.Final
2026-04-03T15:04:35.923+01:00  INFO 84204 --- [           main] o.h.c.internal.RegionFactoryInitiator    : HHH000026: Second-level cache disabled
2026-04-03T15:04:36.086+01:00  INFO 84204 --- [           main] o.s.o.j.p.SpringPersistenceUnitInfo      : No LoadTimeWeaver setup: ignoring JPA class transformer
2026-04-03T15:04:36.096+01:00  INFO 84204 --- [           main] com.zaxxer.hikari.HikariDataSource       : HikariPool-1 - Starting...
2026-04-03T15:04:36.150+01:00  INFO 84204 --- [           main] com.zaxxer.hikari.pool.HikariPool        : HikariPool-1 - Added connection org.postgresql.jdbc.PgConnection@33751d49
2026-04-03T15:04:36.150+01:00  INFO 84204 --- [           main] com.zaxxer.hikari.HikariDataSource       : HikariPool-1 - Start completed.
2026-04-03T15:04:36.574+01:00  INFO 84204 --- [           main] o.h.e.t.j.p.i.JtaPlatformInitiator       : HHH000489: No JTA platform available (set 'hibernate.transaction.jta.platform' to enable JTA platform integration)
2026-04-03T15:04:36.642+01:00  INFO 84204 --- [           main] j.LocalContainerEntityManagerFactoryBean : Initialized JPA EntityManagerFactory for persistence unit 'default'
2026-04-03T15:04:36.844+01:00  WARN 84204 --- [           main] JpaBaseConfiguration$JpaWebConfiguration : spring.jpa.open-in-view is enabled by default. Therefore, database queries may be performed during view rendering. Explicitly configure spring.jpa.open-in-view to disable this warning
2026-04-03T15:04:36.989+01:00  INFO 84204 --- [           main] c.g.timesheet.TimesheetApplicationTests  : Started TimesheetApplicationTests in 1.62 seconds (process running for 1.984)
Hibernate: 
    insert 
    into
        timesheets
        (consultant_id, locked, manager_id, status, submitted_at, week_end, week_start, id) 
    values
        (?, ?, ?, ?, ?, ?, ?, ?)
Hibernate: 
    insert 
    into
        audit_log_entries
        (action, actor_employee_id, details, occurred_at, timesheet_id, id) 
    values
        (?, ?, ?, ?, ?, ?)
Hibernate: 
    select
        t1_0.id,
        ad1_0.id,
        ad1_0.comment,
        ad1_0.decided_at,
        ad1_0.decision,
        ad1_0.manager_id,
        ad1_0.timesheet_id,
        t1_0.consultant_id,
        t1_0.locked,
        t1_0.manager_id,
        t1_0.status,
        t1_0.submitted_at,
        t1_0.week_end,
        t1_0.week_start 
    from
        timesheets t1_0 
    left join
        approval_decisions ad1_0 
            on t1_0.id=ad1_0.timesheet_id 
    where
        t1_0.id=?
]]></system-out>
    <system-err><![CDATA[WARNING: A Java agent has been loaded dynamically (/Users/abdimaalik/.m2/repository/net/bytebuddy/byte-buddy-agent/1.14.18/byte-buddy-agent-1.14.18.jar)
WARNING: If a serviceability tool is in use, please run with -XX:+EnableDynamicAgentLoading to hide this warning
WARNING: If a serviceability tool is not in use, please run with -Djdk.instrument.traceUsage for more information
WARNING: Dynamic loading of agents will be disallowed by default in a future release
]]></system-err>
  </testcase>
  <testcase name="submitTimesheet_withNoEntries_shouldThrowBadRequestException" classname="com.group33.timesheet.TimesheetApplicationTests" time="0.013">
    <system-out><![CDATA[Hibernate: 
    insert 
    into
        timesheets
        (consultant_id, locked, manager_id, status, submitted_at, week_end, week_start, id) 
    values
        (?, ?, ?, ?, ?, ?, ?, ?)
Hibernate: 
    insert 
    into
        audit_log_entries
        (action, actor_employee_id, details, occurred_at, timesheet_id, id) 
    values
        (?, ?, ?, ?, ?, ?)
Hibernate: 
    select
        t1_0.id,
        ad1_0.id,
        ad1_0.comment,
        ad1_0.decided_at,
        ad1_0.decision,
        ad1_0.manager_id,
        ad1_0.timesheet_id,
        t1_0.consultant_id,
        t1_0.locked,
        t1_0.manager_id,
        t1_0.status,
        t1_0.submitted_at,
        t1_0.week_end,
        t1_0.week_start 
    from
        timesheets t1_0 
    left join
        approval_decisions ad1_0 
            on t1_0.id=ad1_0.timesheet_id 
    where
        t1_0.id=?
Hibernate: 
    select
        e1_0.timesheet_id,
        e1_0.id,
        e1_0.day,
        e1_0.hours 
    from
        timesheet_entries e1_0 
    where
        e1_0.timesheet_id=?
]]></system-out>
  </testcase>
  <testcase name="fullWorkflow_shouldWorkCorrectly" classname="com.group33.timesheet.TimesheetApplicationTests" time="0.024">
    <system-out><![CDATA[Hibernate: 
    insert 
    into
        timesheets
        (consultant_id, locked, manager_id, status, submitted_at, week_end, week_start, id) 
    values
        (?, ?, ?, ?, ?, ?, ?, ?)
Hibernate: 
    insert 
    into
        audit_log_entries
        (action, actor_employee_id, details, occurred_at, timesheet_id, id) 
    values
        (?, ?, ?, ?, ?, ?)
Hibernate: 
    select
        t1_0.id,
        ad1_0.id,
        ad1_0.comment,
        ad1_0.decided_at,
        ad1_0.decision,
        ad1_0.manager_id,
        ad1_0.timesheet_id,
        t1_0.consultant_id,
        t1_0.locked,
        t1_0.manager_id,
        t1_0.status,
        t1_0.submitted_at,
        t1_0.week_end,
        t1_0.week_start 
    from
        timesheets t1_0 
    left join
        approval_decisions ad1_0 
            on t1_0.id=ad1_0.timesheet_id 
    where
        t1_0.id=?
Hibernate: 
    select
        e1_0.timesheet_id,
        e1_0.id,
        e1_0.day,
        e1_0.hours 
    from
        timesheet_entries e1_0 
    where
        e1_0.timesheet_id=?
Hibernate: 
    insert 
    into
        audit_log_entries
        (action, actor_employee_id, details, occurred_at, timesheet_id, id) 
    values
        (?, ?, ?, ?, ?, ?)
Hibernate: 
    insert 
    into
        timesheet_entries
        (day, hours, timesheet_id, id) 
    values
        (?, ?, ?, ?)
Hibernate: 
    select
        t1_0.id,
        ad1_0.id,
        ad1_0.comment,
        ad1_0.decided_at,
        ad1_0.decision,
        ad1_0.manager_id,
        ad1_0.timesheet_id,
        t1_0.consultant_id,
        t1_0.locked,
        t1_0.manager_id,
        t1_0.status,
        t1_0.submitted_at,
        t1_0.week_end,
        t1_0.week_start 
    from
        timesheets t1_0 
    left join
        approval_decisions ad1_0 
            on t1_0.id=ad1_0.timesheet_id 
    where
        t1_0.id=?
Hibernate: 
    select
        e1_0.timesheet_id,
        e1_0.id,
        e1_0.day,
        e1_0.hours 
    from
        timesheet_entries e1_0 
    where
        e1_0.timesheet_id=?
Hibernate: 
    insert 
    into
        audit_log_entries
        (action, actor_employee_id, details, occurred_at, timesheet_id, id) 
    values
        (?, ?, ?, ?, ?, ?)
Hibernate: 
    update
        timesheets 
    set
        consultant_id=?,
        locked=?,
        manager_id=?,
        status=?,
        submitted_at=?,
        week_end=?,
        week_start=? 
    where
        id=?
Hibernate: 
    select
        t1_0.id,
        ad1_0.id,
        ad1_0.comment,
        ad1_0.decided_at,
        ad1_0.decision,
        ad1_0.manager_id,
        ad1_0.timesheet_id,
        t1_0.consultant_id,
        t1_0.locked,
        t1_0.manager_id,
        t1_0.status,
        t1_0.submitted_at,
        t1_0.week_end,
        t1_0.week_start 
    from
        timesheets t1_0 
    left join
        approval_decisions ad1_0 
            on t1_0.id=ad1_0.timesheet_id 
    where
        t1_0.id=?
Hibernate: 
    insert 
    into
        approval_decisions
        (comment, decided_at, decision, manager_id, timesheet_id, id) 
    values
        (?, ?, ?, ?, ?, ?)
Hibernate: 
    insert 
    into
        audit_log_entries
        (action, actor_employee_id, details, occurred_at, timesheet_id, id) 
    values
        (?, ?, ?, ?, ?, ?)
Hibernate: 
    update
        timesheets 
    set
        consultant_id=?,
        locked=?,
        manager_id=?,
        status=?,
        submitted_at=?,
        week_end=?,
        week_start=? 
    where
        id=?
]]></system-out>
  </testcase>
  <testcase name="addEntry_afterApproval_shouldThrowBadRequestException" classname="com.group33.timesheet.TimesheetApplicationTests" time="0.015">
    <system-out><![CDATA[Hibernate: 
    insert 
    into
        timesheets
        (consultant_id, locked, manager_id, status, submitted_at, week_end, week_start, id) 
    values
        (?, ?, ?, ?, ?, ?, ?, ?)
Hibernate: 
    insert 
    into
        audit_log_entries
        (action, actor_employee_id, details, occurred_at, timesheet_id, id) 
    values
        (?, ?, ?, ?, ?, ?)
Hibernate: 
    select
        t1_0.id,
        ad1_0.id,
        ad1_0.comment,
        ad1_0.decided_at,
        ad1_0.decision,
        ad1_0.manager_id,
        ad1_0.timesheet_id,
        t1_0.consultant_id,
        t1_0.locked,
        t1_0.manager_id,
        t1_0.status,
        t1_0.submitted_at,
        t1_0.week_end,
        t1_0.week_start 
    from
        timesheets t1_0 
    left join
        approval_decisions ad1_0 
            on t1_0.id=ad1_0.timesheet_id 
    where
        t1_0.id=?
Hibernate: 
    select
        e1_0.timesheet_id,
        e1_0.id,
        e1_0.day,
        e1_0.hours 
    from
        timesheet_entries e1_0 
    where
        e1_0.timesheet_id=?
Hibernate: 
    insert 
    into
        audit_log_entries
        (action, actor_employee_id, details, occurred_at, timesheet_id, id) 
    values
        (?, ?, ?, ?, ?, ?)
Hibernate: 
    insert 
    into
        timesheet_entries
        (day, hours, timesheet_id, id) 
    values
        (?, ?, ?, ?)
Hibernate: 
    select
        t1_0.id,
        ad1_0.id,
        ad1_0.comment,
        ad1_0.decided_at,
        ad1_0.decision,
        ad1_0.manager_id,
        ad1_0.timesheet_id,
        t1_0.consultant_id,
        t1_0.locked,
        t1_0.manager_id,
        t1_0.status,
        t1_0.submitted_at,
        t1_0.week_end,
        t1_0.week_start 
    from
        timesheets t1_0 
    left join
        approval_decisions ad1_0 
            on t1_0.id=ad1_0.timesheet_id 
    where
        t1_0.id=?
Hibernate: 
    select
        e1_0.timesheet_id,
        e1_0.id,
        e1_0.day,
        e1_0.hours 
    from
        timesheet_entries e1_0 
    where
        e1_0.timesheet_id=?
Hibernate: 
    insert 
    into
        audit_log_entries
        (action, actor_employee_id, details, occurred_at, timesheet_id, id) 
    values
        (?, ?, ?, ?, ?, ?)
Hibernate: 
    update
        timesheets 
    set
        consultant_id=?,
        locked=?,
        manager_id=?,
        status=?,
        submitted_at=?,
        week_end=?,
        week_start=? 
    where
        id=?
Hibernate: 
    select
        t1_0.id,
        ad1_0.id,
        ad1_0.comment,
        ad1_0.decided_at,
        ad1_0.decision,
        ad1_0.manager_id,
        ad1_0.timesheet_id,
        t1_0.consultant_id,
        t1_0.locked,
        t1_0.manager_id,
        t1_0.status,
        t1_0.submitted_at,
        t1_0.week_end,
        t1_0.week_start 
    from
        timesheets t1_0 
    left join
        approval_decisions ad1_0 
            on t1_0.id=ad1_0.timesheet_id 
    where
        t1_0.id=?
Hibernate: 
    insert 
    into
        approval_decisions
        (comment, decided_at, decision, manager_id, timesheet_id, id) 
    values
        (?, ?, ?, ?, ?, ?)
Hibernate: 
    insert 
    into
        audit_log_entries
        (action, actor_employee_id, details, occurred_at, timesheet_id, id) 
    values
        (?, ?, ?, ?, ?, ?)
Hibernate: 
    update
        timesheets 
    set
        consultant_id=?,
        locked=?,
        manager_id=?,
        status=?,
        submitted_at=?,
        week_end=?,
        week_start=? 
    where
        id=?
Hibernate: 
    select
        t1_0.id,
        ad1_0.id,
        ad1_0.comment,
        ad1_0.decided_at,
        ad1_0.decision,
        ad1_0.manager_id,
        ad1_0.timesheet_id,
        t1_0.consultant_id,
        t1_0.locked,
        t1_0.manager_id,
        t1_0.status,
        t1_0.submitted_at,
        t1_0.week_end,
        t1_0.week_start 
    from
        timesheets t1_0 
    left join
        approval_decisions ad1_0 
            on t1_0.id=ad1_0.timesheet_id 
    where
        t1_0.id=?
]]></system-out>
  </testcase>
  <testcase name="addEntry_afterSubmit_shouldThrowBadRequestException" classname="com.group33.timesheet.TimesheetApplicationTests" time="0.012">
    <system-out><![CDATA[Hibernate: 
    insert 
    into
        timesheets
        (consultant_id, locked, manager_id, status, submitted_at, week_end, week_start, id) 
    values
        (?, ?, ?, ?, ?, ?, ?, ?)
Hibernate: 
    insert 
    into
        audit_log_entries
        (action, actor_employee_id, details, occurred_at, timesheet_id, id) 
    values
        (?, ?, ?, ?, ?, ?)
Hibernate: 
    select
        t1_0.id,
        ad1_0.id,
        ad1_0.comment,
        ad1_0.decided_at,
        ad1_0.decision,
        ad1_0.manager_id,
        ad1_0.timesheet_id,
        t1_0.consultant_id,
        t1_0.locked,
        t1_0.manager_id,
        t1_0.status,
        t1_0.submitted_at,
        t1_0.week_end,
        t1_0.week_start 
    from
        timesheets t1_0 
    left join
        approval_decisions ad1_0 
            on t1_0.id=ad1_0.timesheet_id 
    where
        t1_0.id=?
Hibernate: 
    select
        e1_0.timesheet_id,
        e1_0.id,
        e1_0.day,
        e1_0.hours 
    from
        timesheet_entries e1_0 
    where
        e1_0.timesheet_id=?
Hibernate: 
    insert 
    into
        audit_log_entries
        (action, actor_employee_id, details, occurred_at, timesheet_id, id) 
    values
        (?, ?, ?, ?, ?, ?)
Hibernate: 
    insert 
    into
        timesheet_entries
        (day, hours, timesheet_id, id) 
    values
        (?, ?, ?, ?)
Hibernate: 
    select
        t1_0.id,
        ad1_0.id,
        ad1_0.comment,
        ad1_0.decided_at,
        ad1_0.decision,
        ad1_0.manager_id,
        ad1_0.timesheet_id,
        t1_0.consultant_id,
        t1_0.locked,
        t1_0.manager_id,
        t1_0.status,
        t1_0.submitted_at,
        t1_0.week_end,
        t1_0.week_start 
    from
        timesheets t1_0 
    left join
        approval_decisions ad1_0 
            on t1_0.id=ad1_0.timesheet_id 
    where
        t1_0.id=?
Hibernate: 
    select
        e1_0.timesheet_id,
        e1_0.id,
        e1_0.day,
        e1_0.hours 
    from
        timesheet_entries e1_0 
    where
        e1_0.timesheet_id=?
Hibernate: 
    insert 
    into
        audit_log_entries
        (action, actor_employee_id, details, occurred_at, timesheet_id, id) 
    values
        (?, ?, ?, ?, ?, ?)
Hibernate: 
    update
        timesheets 
    set
        consultant_id=?,
        locked=?,
        manager_id=?,
        status=?,
        submitted_at=?,
        week_end=?,
        week_start=? 
    where
        id=?
Hibernate: 
    select
        t1_0.id,
        ad1_0.id,
        ad1_0.comment,
        ad1_0.decided_at,
        ad1_0.decision,
        ad1_0.manager_id,
        ad1_0.timesheet_id,
        t1_0.consultant_id,
        t1_0.locked,
        t1_0.manager_id,
        t1_0.status,
        t1_0.submitted_at,
        t1_0.week_end,
        t1_0.week_start 
    from
        timesheets t1_0 
    left join
        approval_decisions ad1_0 
            on t1_0.id=ad1_0.timesheet_id 
    where
        t1_0.id=?
]]></system-out>
  </testcase>
  <testcase name="approveTimesheet_withWrongManager_shouldThrowBadRequestException" classname="com.group33.timesheet.TimesheetApplicationTests" time="0.013">
    <system-out><![CDATA[Hibernate: 
    insert 
    into
        timesheets
        (consultant_id, locked, manager_id, status, submitted_at, week_end, week_start, id) 
    values
        (?, ?, ?, ?, ?, ?, ?, ?)
Hibernate: 
    insert 
    into
        audit_log_entries
        (action, actor_employee_id, details, occurred_at, timesheet_id, id) 
    values
        (?, ?, ?, ?, ?, ?)
Hibernate: 
    select
        t1_0.id,
        ad1_0.id,
        ad1_0.comment,
        ad1_0.decided_at,
        ad1_0.decision,
        ad1_0.manager_id,
        ad1_0.timesheet_id,
        t1_0.consultant_id,
        t1_0.locked,
        t1_0.manager_id,
        t1_0.status,
        t1_0.submitted_at,
        t1_0.week_end,
        t1_0.week_start 
    from
        timesheets t1_0 
    left join
        approval_decisions ad1_0 
            on t1_0.id=ad1_0.timesheet_id 
    where
        t1_0.id=?
Hibernate: 
    select
        e1_0.timesheet_id,
        e1_0.id,
        e1_0.day,
        e1_0.hours 
    from
        timesheet_entries e1_0 
    where
        e1_0.timesheet_id=?
Hibernate: 
    insert 
    into
        audit_log_entries
        (action, actor_employee_id, details, occurred_at, timesheet_id, id) 
    values
        (?, ?, ?, ?, ?, ?)
Hibernate: 
    insert 
    into
        timesheet_entries
        (day, hours, timesheet_id, id) 
    values
        (?, ?, ?, ?)
Hibernate: 
    select
        t1_0.id,
        ad1_0.id,
        ad1_0.comment,
        ad1_0.decided_at,
        ad1_0.decision,
        ad1_0.manager_id,
        ad1_0.timesheet_id,
        t1_0.consultant_id,
        t1_0.locked,
        t1_0.manager_id,
        t1_0.status,
        t1_0.submitted_at,
        t1_0.week_end,
        t1_0.week_start 
    from
        timesheets t1_0 
    left join
        approval_decisions ad1_0 
            on t1_0.id=ad1_0.timesheet_id 
    where
        t1_0.id=?
Hibernate: 
    select
        e1_0.timesheet_id,
        e1_0.id,
        e1_0.day,
        e1_0.hours 
    from
        timesheet_entries e1_0 
    where
        e1_0.timesheet_id=?
Hibernate: 
    insert 
    into
        audit_log_entries
        (action, actor_employee_id, details, occurred_at, timesheet_id, id) 
    values
        (?, ?, ?, ?, ?, ?)
Hibernate: 
    update
        timesheets 
    set
        consultant_id=?,
        locked=?,
        manager_id=?,
        status=?,
        submitted_at=?,
        week_end=?,
        week_start=? 
    where
        id=?
Hibernate: 
    select
        t1_0.id,
        ad1_0.id,
        ad1_0.comment,
        ad1_0.decided_at,
        ad1_0.decision,
        ad1_0.manager_id,
        ad1_0.timesheet_id,
        t1_0.consultant_id,
        t1_0.locked,
        t1_0.manager_id,
        t1_0.status,
        t1_0.submitted_at,
        t1_0.week_end,
        t1_0.week_start 
    from
        timesheets t1_0 
    left join
        approval_decisions ad1_0 
            on t1_0.id=ad1_0.timesheet_id 
    where
        t1_0.id=?
]]></system-out>
  </testcase>
  <testcase name="rejectDraftTimesheet_shouldThrowBadRequestException" classname="com.group33.timesheet.TimesheetApplicationTests" time="0.004">
    <system-out><![CDATA[Hibernate: 
    insert 
    into
        timesheets
        (consultant_id, locked, manager_id, status, submitted_at, week_end, week_start, id) 
    values
        (?, ?, ?, ?, ?, ?, ?, ?)
Hibernate: 
    insert 
    into
        audit_log_entries
        (action, actor_employee_id, details, occurred_at, timesheet_id, id) 
    values
        (?, ?, ?, ?, ?, ?)
Hibernate: 
    select
        t1_0.id,
        ad1_0.id,
        ad1_0.comment,
        ad1_0.decided_at,
        ad1_0.decision,
        ad1_0.manager_id,
        ad1_0.timesheet_id,
        t1_0.consultant_id,
        t1_0.locked,
        t1_0.manager_id,
        t1_0.status,
        t1_0.submitted_at,
        t1_0.week_end,
        t1_0.week_start 
    from
        timesheets t1_0 
    left join
        approval_decisions ad1_0 
            on t1_0.id=ad1_0.timesheet_id 
    where
        t1_0.id=?
]]></system-out>
  </testcase>
</testsuite>